<?xml version="1.0" encoding="UTF-8"?>
<testsuite xmlns:xsi="http://www.w3.org/2001/XMLSchema-instance" xsi:noNamespaceSchemaLocation="https://maven.apache.org/surefire/maven-surefire-plugin/xsd/surefire-test-report.xsd" name="com.pillar.vending.VendingMachineUTests" time="0.069" tests="20" errors="0" skipped="0" failures="0">
  <properties>
    <property name="sun.desktop" value="windows"/>
    <property name="awt.toolkit" value="sun.awt.windows.WToolkit"/>
    <property name="file.encoding.pkg" value="sun.io"/>
    <property name="java.specification.version" value="1.8"/>
    <property name="sun.cpu.isalist" value="amd64"/>
    <property name="sun.jnu.encoding" value="GBK"/>
    <property name="java.class.path" value="E:\Workplace\Java\test\target\test-classes;E:\Workplace\Java\test\target\classes;C:\Users\silhouette\.m2\repository\junit\junit\4.12\junit-4.12.jar;C:\Users\silhouette\.m2\repository\org\hamcrest\hamcrest-core\1.3\hamcrest-core-1.3.jar;C:\Users\silhouette\.m2\repository\org\mockito\mockito-core\3.0.0\mockito-core-3.0.0.jar;C:\Users\silhouette\.m2\repository\net\bytebuddy\byte-buddy\1.9.10\byte-buddy-1.9.10.jar;C:\Users\silhouette\.m2\repository\net\bytebuddy\byte-buddy-agent\1.9.10\byte-buddy-agent-1.9.10.jar;C:\Users\silhouette\.m2\repository\org\objenesis\objenesis\2.6\objenesis-2.6.jar;"/>
    <property name="java.vm.vendor" value="Oracle Corporation"/>
    <property name="sun.arch.data.model" value="64"/>
    <property name="user.variant" value=""/>
    <property name="java.vendor.url" value="http://java.oracle.com/"/>
    <property name="user.timezone" value="Asia/Shanghai"/>
    <property name="java.vm.specification.version" value="1.8"/>
    <property name="os.name" value="Windows 10"/>
    <property name="user.country" value="CN"/>
    <property name="sun.java.launcher" value="SUN_STANDARD"/>
    <property name="sun.boot.library.path" value="D:\App\Java\jdk1.8.0_251\jre\bin"/>
    <property name="sun.java.command" value="C:\Users\SILHOU~1\AppData\Local\Temp\surefire6766271230091810792\surefirebooter656294477346781949.jar C:\Users\silhouette\AppData\Local\Temp\surefire6766271230091810792 2020-05-29T16-23-24_033-jvmRun1 surefire7407192871607098345tmp surefire_02170347919724689076tmp"/>
    <property name="surefire.test.class.path" value="E:\Workplace\Java\test\target\test-classes;E:\Workplace\Java\test\target\classes;C:\Users\silhouette\.m2\repository\junit\junit\4.12\junit-4.12.jar;C:\Users\silhouette\.m2\repository\org\hamcrest\hamcrest-core\1.3\hamcrest-core-1.3.jar;C:\Users\silhouette\.m2\repository\org\mockito\mockito-core\3.0.0\mockito-core-3.0.0.jar;C:\Users\silhouette\.m2\repository\net\bytebuddy\byte-buddy\1.9.10\byte-buddy-1.9.10.jar;C:\Users\silhouette\.m2\repository\net\bytebuddy\byte-buddy-agent\1.9.10\byte-buddy-agent-1.9.10.jar;C:\Users\silhouette\.m2\repository\org\objenesis\objenesis\2.6\objenesis-2.6.jar;"/>
    <property name="sun.cpu.endian" value="little"/>
    <property name="user.home" value="C:\Users\silhouette"/>
    <property name="user.language" value="zh"/>
    <property name="java.specification.vendor" value="Oracle Corporation"/>
    <property name="java.home" value="D:\App\Java\jdk1.8.0_251\jre"/>
    <property name="basedir" value="E:\Workplace\Java\test"/>
    <property name="file.separator" value="\"/>
    <property name="line.separator" value="&#10;"/>
    <property name="java.vm.specification.vendor" value="Oracle Corporation"/>
    <property name="java.specification.name" value="Java Platform API Specification"/>
    <property name="java.awt.graphicsenv" value="sun.awt.Win32GraphicsEnvironment"/>
    <property name="surefire.real.class.path" value="C:\Users\SILHOU~1\AppData\Local\Temp\surefire6766271230091810792\surefirebooter656294477346781949.jar"/>
    <property name="sun.boot.class.path" value="D:\App\Java\jdk1.8.0_251\jre\lib\resources.jar;D:\App\Java\jdk1.8.0_251\jre\lib\rt.jar;D:\App\Java\jdk1.8.0_251\jre\lib\sunrsasign.jar;D:\App\Java\jdk1.8.0_251\jre\lib\jsse.jar;D:\App\Java\jdk1.8.0_251\jre\lib\jce.jar;D:\App\Java\jdk1.8.0_251\jre\lib\charsets.jar;D:\App\Java\jdk1.8.0_251\jre\lib\jfr.jar;D:\App\Java\jdk1.8.0_251\jre\classes"/>
    <property name="user.script" value=""/>
    <property name="sun.management.compiler" value="HotSpot 64-Bit Tiered Compilers"/>
    <property name="java.runtime.version" value="1.8.0_251-b08"/>
    <property name="user.name" value="silhouette"/>
    <property name="path.separator" value=";"/>
    <property name="os.version" value="10.0"/>
    <property name="java.endorsed.dirs" value="D:\App\Java\jdk1.8.0_251\jre\lib\endorsed"/>
    <property name="java.runtime.name" value="Java(TM) SE Runtime Environment"/>
    <property name="file.encoding" value="GBK"/>
    <property name="java.vm.name" value="Java HotSpot(TM) 64-Bit Server VM"/>
    <property name="localRepository" value="C:\Users\silhouette\.m2\repository"/>
    <property name="java.vendor.url.bug" value="http://bugreport.sun.com/bugreport/"/>
    <property name="java.io.tmpdir" value="C:\Users\SILHOU~1\AppData\Local\Temp\"/>
    <property name="java.version" value="1.8.0_251"/>
    <property name="user.dir" value="E:\Workplace\Java\test"/>
    <property name="os.arch" value="amd64"/>
    <property name="java.vm.specification.name" value="Java Virtual Machine Specification"/>
    <property name="java.awt.printerjob" value="sun.awt.windows.WPrinterJob"/>
    <property name="sun.os.patch.level" value=""/>
    <property name="java.library.path" value="D:\App\Java\jdk1.8.0_251\jre\bin;C:\WINDOWS\Sun\Java\bin;C:\WINDOWS\system32;C:\WINDOWS;D:\App\Anaconda3\condabin;C:\Program Files (x86)\Common Files\Oracle\Java\javapath;C:\WINDOWS\system32;C:\WINDOWS;C:\WINDOWS\System32\Wbem;C:\WINDOWS\System32\WindowsPowerShell\v1.0;C:\WINDOWS\System32\OpenSSH;D:\App\PuTTY;D:\App\Git\Git\cmd;D:\App\CMake\bin;D:\App\nodejs;D:\App\Ruby\Ruby26-x64\bin;C:\Users\silhouette\AppData\Local\Microsoft\WindowsApps;D:\App\BandZip;D:\App\IDE\Microsoft\Microsoft VS Code\Microsoft VS Code\bin;D:\App\Git\Git;D:\App\MinGW\bin;D:\App\IDE\Vim\vim81;D:\App\IDE\Vim;D:\App\Anaconda3;D:\App\Anaconda3\Scripts;D:\App\Anaconda3\Library\bin;D:\App\Anaconda3\Library\mingw-w64;D:\App\Texlive\2019\bin\win32;D:\App\Git\Git\cmd;D:\App\CMake\bin;C:\ProgramData\silhouette\GitHubDesktop\bin;C:\Users\silhouette\AppData\Local\GitHubDesktop\bin;D:\App\Java\jdk1.8.0_251\bin;D:\App\Java\jdk1.8.0_251\jre\bin;C:\Users\silhouette\AppData\Roaming\npm;C:\Users\silhouette\AppData\Local\Android\Sdk\platform-tools;D:\App\Maven\apache-maven-3.6.3\bin;.;."/>
    <property name="java.vm.info" value="mixed mode"/>
    <property name="java.vendor" value="Oracle Corporation"/>
    <property name="java.vm.version" value="25.251-b08"/>
    <property name="java.ext.dirs" value="D:\App\Java\jdk1.8.0_251\jre\lib\ext;C:\WINDOWS\Sun\Java\lib\ext"/>
    <property name="sun.io.unicode.encoding" value="UnicodeLittle"/>
    <property name="java.class.version" value="52.0"/>
  </properties>
  <testcase name="displayShowsInsertCoinWhenEmpty" classname="com.pillar.vending.VendingMachineUTests" time="0.005"/>
  <testcase name="machineDisplaysSoldOut" classname="com.pillar.vending.VendingMachineUTests" time="0.004"/>
  <testcase name="acceptsNickel" classname="com.pillar.vending.VendingMachineUTests" time="0.001"/>
  <testcase name="retrieveChangeAfterChipsPurchase" classname="com.pillar.vending.VendingMachineUTests" time="0.001"/>
  <testcase name="candyIsDispensedWithCorrectAmount" classname="com.pillar.vending.VendingMachineUTests" time="0.001"/>
  <testcase name="machineDisplaysExactChangeOnly" classname="com.pillar.vending.VendingMachineUTests" time="0.001"/>
  <testcase name="acceptsQuarter" classname="com.pillar.vending.VendingMachineUTests" time="0"/>
  <testcase name="coinsAreReturned" classname="com.pillar.vending.VendingMachineUTests" time="0"/>
  <testcase name="displayIsCorrectWhenProductIsSelectedButLacksFunds" classname="com.pillar.vending.VendingMachineUTests" time="0"/>
  <testcase name="coinsAreReturnedAfterProductIsSelected" classname="com.pillar.vending.VendingMachineUTests" time="0"/>
  <testcase name="machineDisplaysSoldOutWithCoins" classname="com.pillar.vending.VendingMachineUTests" time="0.001"/>
  <testcase name="doesNotAcceptInvalidCoins" classname="com.pillar.vending.VendingMachineUTests" time="0"/>
  <testcase name="chipsIsDispensedWithCorrectAmount" classname="com.pillar.vending.VendingMachineUTests" time="0"/>
  <testcase name="acceptsDime" classname="com.pillar.vending.VendingMachineUTests" time="0.001"/>
  <testcase name="acceptsValidAndRejectsInvalidCoins" classname="com.pillar.vending.VendingMachineUTests" time="0"/>
  <testcase name="colaIsDispensedWithCorrectAmount" classname="com.pillar.vending.VendingMachineUTests" time="0.002"/>
  <testcase name="retrieveChangeAfterCandyPurchase" classname="com.pillar.vending.VendingMachineUTests" time="0.001"/>
  <testcase name="displayIsCorrectWhenProductIsSelectedButLacksFundsAndMoreCoinsAreInserted" classname="com.pillar.vending.VendingMachineUTests" time="0"/>
  <testcase name="retrieveChangeAfterColaPurchase" classname="com.pillar.vending.VendingMachineUTests" time="0.002"/>
  <testcase name="acceptsMultipleValidCoins" classname="com.pillar.vending.VendingMachineUTests" time="0"/>
</testsuite>